<?xml version="1.0" encoding="UTF-8"?>
<!-- Generated by org.testng.reporters.JUnitXMLReporter -->
<testsuite ignored="4" hostname="Sarbs-MacBook-Pro.local" failures="4" tests="10" name="Surefire test" time="26.076" errors="0" timestamp="2025-03-26T11:37:44 EDT">
  <testcase classname="test.Test2" name="getGoogleTitle" time="2.495">
    <failure type="java.lang.AssertionError" message="expected [true] but found [false]">
      <![CDATA[java.lang.AssertionError: expected [true] but found [false]
at test.Test2.getGoogleTitle(Test2.java:92)
at java.base/java.util.ArrayList.forEach(ArrayList.java:1597)
... Removed 34 stack frames]]>
    </failure>
  </testcase> <!-- getGoogleTitle -->
  <testcase classname="test.Test2" name="getFacebookTitle" time="1.593"/>
  <testcase classname="test.Test2" name="getGmailTitle" time="2.459"/>
  <testcase classname="test.Test2" name="getUdemyTitle" time="3.762"/>
  <testcase classname="test.Test2" name="getCanadaTitle" time="1.583">
    <failure type="java.lang.AssertionError" message="expected [false] but found [true]">
      <![CDATA[java.lang.AssertionError: expected [false] but found [true]
at test.Test2.getCanadaTitle(Test2.java:134)
at java.base/java.util.ArrayList.forEach(ArrayList.java:1597)
... Removed 34 stack frames]]>
    </failure>
  </testcase> <!-- getCanadaTitle -->
  <testcase classname="test.Test1" name="getGoogleTitle" time="1.629">
    <failure type="java.lang.AssertionError" message="expected [true] but found [false]">
      <![CDATA[java.lang.AssertionError: expected [true] but found [false]
at test.Test1.getGoogleTitle(Test1.java:94)
at java.base/java.util.ArrayList.forEach(ArrayList.java:1597)
... Removed 34 stack frames]]>
    </failure>
  </testcase> <!-- getGoogleTitle -->
  <testcase classname="test.Test1" name="getFacebookTitle" time="0.995"/>
  <testcase classname="test.Test1" name="getGmailTitle" time="2.194"/>
  <testcase classname="test.Test1" name="getCanadaTitle" time="1.41">
    <failure type="java.lang.AssertionError" message="expected [false] but found [true]">
      <![CDATA[java.lang.AssertionError: expected [false] but found [true]
at test.Test1.getCanadaTitle(Test1.java:136)
at java.base/java.util.ArrayList.forEach(ArrayList.java:1597)
... Removed 34 stack frames]]>
    </failure>
  </testcase> <!-- getCanadaTitle -->
  <testcase classname="test.Test1" name="getUdemyTitle" time="4.127"/>
  <testcase classname="test.Test2" name="shouldAnswerWithTrue" time="0.0">
    <ignored/>
  </testcase> <!-- shouldAnswerWithTrue -->
  <testcase classname="test.Test1" name="paraTest" time="0.0">
    <ignored/>
  </testcase> <!-- paraTest -->
  <testcase classname="test.Test2" name="paraTest" time="0.0">
    <ignored/>
  </testcase> <!-- paraTest -->
  <testcase classname="test.Test1" name="shouldAnswerWithTrue" time="0.0">
    <ignored/>
  </testcase> <!-- shouldAnswerWithTrue -->
</testsuite> <!-- Surefire test -->
