<?xml version="1.0" encoding="UTF-8"?>
<!-- Generated by org.testng.reporters.JUnitXMLReporter -->
<testsuite ignored="2" hostname="Sarbs-MacBook-Pro.local" failures="0" tests="0" name="Test" time="7.292" errors="0" timestamp="2025-03-26T17:30:55 EDT">
  <testcase classname="test.Test1" name="paraTest" time="0.0">
    <ignored/>
  </testcase> <!-- paraTest -->
  <testcase classname="test.Test1" name="shouldAnswerWithTrue" time="0.0">
    <ignored/>
  </testcase> <!-- shouldAnswerWithTrue -->
</testsuite> <!-- Test -->
